# JRE version: OpenJDK Runtime Environment (8.0_242-b01) (build 1.8.0_242-release-1644-b01)
# Java VM: OpenJDK 64-Bit Server VM (25.242-b01 mixed mode windows-amd64 compressed oops)
Heap:
 PSYoungGen      total 272384K, used 254694K [0x00000000d5580000, 0x00000000e7180000, 0x0000000100000000)
  eden space 261120K, 97% used [0x00000000d5580000,0x00000000e4d81a80,0x00000000e5480000)
  from space 11264K, 6% used [0x00000000e5480000,0x00000000e5538000,0x00000000e5f80000)
  to   space 11264K, 0% used [0x00000000e5f80000,0x00000000e5f80000,0x00000000e6a80000)
 ParOldGen       total 72704K, used 26993K [0x0000000080000000, 0x0000000084700000, 0x00000000d5580000)
  object space 72704K, 37% used [0x0000000080000000,0x0000000081a5c7a0,0x0000000084700000)
 Metaspace       used 39164K, capacity 40955K, committed 41216K, reserved 1085440K
  class space    used 5465K, capacity 5858K, committed 5888K, reserved 1048576K
GC Heap History (10 events):
Event: 27.595 GC heap before
{Heap before GC invocations=17 (full 2):
 PSYoungGen      total 192000K, used 185824K [0x00000000d5580000, 0x00000000e2000000, 0x0000000100000000)
  eden space 184832K, 100% used [0x00000000d5580000,0x00000000e0a00000,0x00000000e0a00000)
  from space 7168K, 13% used [0x00000000e1900000,0x00000000e19f8000,0x00000000e2000000)
  to   space 8704K, 0% used [0x00000000e1080000,0x00000000e1080000,0x00000000e1900000)
 ParOldGen       total 72704K, used 18337K [0x0000000080000000, 0x0000000084700000, 0x00000000d5580000)
  object space 72704K, 25% used [0x0000000080000000,0x00000000811e8770,0x0000000084700000)
 Metaspace       used 39162K, capacity 40955K, committed 41216K, reserved 1085440K
  class space    used 5465K, capacity 5858K, committed 5888K, reserved 1048576K
Event: 27.609 GC heap after
Heap after GC invocations=17 (full 2):
 PSYoungGen      total 200192K, used 448K [0x00000000d5580000, 0x00000000e6a80000, 0x0000000100000000)
  eden space 191488K, 0% used [0x00000000d5580000,0x00000000d5580000,0x00000000e1080000)
  from space 8704K, 5% used [0x00000000e1080000,0x00000000e10f0010,0x00000000e1900000)
  to   space 11264K, 0% used [0x00000000e5f80000,0x00000000e5f80000,0x00000000e6a80000)
 ParOldGen       total 72704K, used 19209K [0x0000000080000000, 0x0000000084700000, 0x00000000d5580000)
  object space 72704K, 26% used [0x0000000080000000,0x00000000812c2770,0x0000000084700000)
 Metaspace       used 39162K, capacity 40955K, committed 41216K, reserved 1085440K
  class space    used 5465K, capacity 5858K, committed 5888K, reserved 1048576K
}
Event: 27.977 GC heap before
{Heap before GC invocations=18 (full 2):
 PSYoungGen      total 200192K, used 191936K [0x00000000d5580000, 0x00000000e6a80000, 0x0000000100000000)
  eden space 191488K, 100% used [0x00000000d5580000,0x00000000e1080000,0x00000000e1080000)
  from space 8704K, 5% used [0x00000000e1080000,0x00000000e10f0010,0x00000000e1900000)
  to   space 11264K, 0% used [0x00000000e5f80000,0x00000000e5f80000,0x00000000e6a80000)
 ParOldGen       total 72704K, used 19209K [0x0000000080000000, 0x0000000084700000, 0x00000000d5580000)
  object space 72704K, 26% used [0x0000000080000000,0x00000000812c2770,0x0000000084700000)
 Metaspace       used 39162K, capacity 40955K, committed 41216K, reserved 1085440K
  class space    used 5465K, capacity 5858K, committed 5888K, reserved 1048576K
Event: 27.981 GC heap after
Heap after GC invocations=18 (full 2):
 PSYoungGen      total 272384K, used 320K [0x00000000d5580000, 0x00000000e7180000, 0x0000000100000000)
  eden space 261120K, 0% used [0x00000000d5580000,0x00000000d5580000,0x00000000e5480000)
  from space 11264K, 2% used [0x00000000e5f80000,0x00000000e5fd0000,0x00000000e6a80000)
  to   space 11264K, 0% used [0x00000000e5480000,0x00000000e5480000,0x00000000e5f80000)
 ParOldGen       total 72704K, used 19585K [0x0000000080000000, 0x0000000084700000, 0x00000000d5580000)
  object space 72704K, 26% used [0x0000000080000000,0x0000000081320780,0x0000000084700000)
 Metaspace       used 39162K, capacity 40955K, committed 41216K, reserved 1085440K
  class space    used 5465K, capacity 5858K, committed 5888K, reserved 1048576K
}
Event: 28.487 GC heap before
{Heap before GC invocations=19 (full 2):
 PSYoungGen      total 272384K, used 261440K [0x00000000d5580000, 0x00000000e7180000, 0x0000000100000000)
  eden space 261120K, 100% used [0x00000000d5580000,0x00000000e5480000,0x00000000e5480000)
  from space 11264K, 2% used [0x00000000e5f80000,0x00000000e5fd0000,0x00000000e6a80000)
  to   space 11264K, 0% used [0x00000000e5480000,0x00000000e5480000,0x00000000e5f80000)
 ParOldGen       total 72704K, used 19585K [0x0000000080000000, 0x0000000084700000, 0x00000000d5580000)
  object space 72704K, 26% used [0x0000000080000000,0x0000000081320780,0x0000000084700000)
 Metaspace       used 39164K, capacity 40955K, committed 41216K, reserved 1085440K
  class space    used 5465K, capacity 5858K, committed 5888K, reserved 1048576K
Event: 28.491 GC heap after
Heap after GC invocations=19 (full 2):
 PSYoungGen      total 272384K, used 576K [0x00000000d5580000, 0x00000000e7180000, 0x0000000100000000)
  eden space 261120K, 0% used [0x00000000d5580000,0x00000000d5580000,0x00000000e5480000)
  from space 11264K, 5% used [0x00000000e5480000,0x00000000e5510000,0x00000000e5f80000)
  to   space 11264K, 0% used [0x00000000e5f80000,0x00000000e5f80000,0x00000000e6a80000)
 ParOldGen       total 72704K, used 19865K [0x0000000080000000, 0x0000000084700000, 0x00000000d5580000)
  object space 72704K, 27% used [0x0000000080000000,0x0000000081366780,0x0000000084700000)
 Metaspace       used 39164K, capacity 40955K, committed 41216K, reserved 1085440K
  class space    used 5465K, capacity 5858K, committed 5888K, reserved 1048576K
}
Event: 29.466 GC heap before
{Heap before GC invocations=20 (full 2):
 PSYoungGen      total 272384K, used 261696K [0x00000000d5580000, 0x00000000e7180000, 0x0000000100000000)
  eden space 261120K, 100% used [0x00000000d5580000,0x00000000e5480000,0x00000000e5480000)
  from space 11264K, 5% used [0x00000000e5480000,0x00000000e5510000,0x00000000e5f80000)
  to   space 11264K, 0% used [0x00000000e5f80000,0x00000000e5f80000,0x00000000e6a80000)
 ParOldGen       total 72704K, used 19865K [0x0000000080000000, 0x0000000084700000, 0x00000000d5580000)
  object space 72704K, 27% used [0x0000000080000000,0x0000000081366780,0x0000000084700000)
 Metaspace       used 39164K, capacity 40955K, committed 41216K, reserved 1085440K
  class space    used 5465K, capacity 5858K, committed 5888K, reserved 1048576K
Event: 29.485 GC heap after
Heap after GC invocations=20 (full 2):
 PSYoungGen      total 272384K, used 6692K [0x00000000d5580000, 0x00000000e7180000, 0x0000000100000000)
  eden space 261120K, 0% used [0x00000000d5580000,0x00000000d5580000,0x00000000e5480000)
  from space 11264K, 59% used [0x00000000e5f80000,0x00000000e6609010,0x00000000e6a80000)
  to   space 11264K, 0% used [0x00000000e5480000,0x00000000e5480000,0x00000000e5f80000)
 ParOldGen       total 72704K, used 20401K [0x0000000080000000, 0x0000000084700000, 0x00000000d5580000)
  object space 72704K, 28% used [0x0000000080000000,0x00000000813ec780,0x0000000084700000)
 Metaspace       used 39164K, capacity 40955K, committed 41216K, reserved 1085440K
  class space    used 5465K, capacity 5858K, committed 5888K, reserved 1048576K
}
Event: 30.070 GC heap before
{Heap before GC invocations=21 (full 2):
 PSYoungGen      total 272384K, used 267812K [0x00000000d5580000, 0x00000000e7180000, 0x0000000100000000)
  eden space 261120K, 100% used [0x00000000d5580000,0x00000000e5480000,0x00000000e5480000)
  from space 11264K, 59% used [0x00000000e5f80000,0x00000000e6609010,0x00000000e6a80000)
  to   space 11264K, 0% used [0x00000000e5480000,0x00000000e5480000,0x00000000e5f80000)
 ParOldGen       total 72704K, used 20401K [0x0000000080000000, 0x0000000084700000, 0x00000000d5580000)
  object space 72704K, 28% used [0x0000000080000000,0x00000000813ec780,0x0000000084700000)
 Metaspace       used 39164K, capacity 40955K, committed 41216K, reserved 1085440K
  class space    used 5465K, capacity 5858K, committed 5888K, reserved 1048576K
Event: 30.084 GC heap after
Heap after GC invocations=21 (full 2):
 PSYoungGen      total 272384K, used 736K [0x00000000d5580000, 0x00000000e7180000, 0x0000000100000000)
  eden space 261120K, 0% used [0x00000000d5580000,0x00000000d5580000,0x00000000e5480000)
  from space 11264K, 6% used [0x00000000e5480000,0x00000000e5538000,0x00000000e5f80000)
  to   space 11264K, 0% used [0x00000000e5f80000,0x00000000e5f80000,0x00000000e6a80000)
 ParOldGen       total 72704K, used 26993K [0x0000000080000000, 0x0000000084700000, 0x00000000d5580000)
  object space 72704K, 37% used [0x0000000080000000,0x0000000081a5c7a0,0x0000000084700000)
 Metaspace       used 39164K, capacity 40955K, committed 41216K, reserved 1085440K
  class space    used 5465K, capacity 5858K, committed 5888K, reserved 1048576K
}

